<?xml version="1.0" encoding="UTF-8"?>
<robot generator="Robot 5.0.1 (Python 3.10.0 on win32)" generated="20220614 14:58:21.816" rpa="false" schemaversion="3">
<suite id="s1" name="Compra" source="C:\Users\bearu\PycharmProjects\PetzRFSikuli\compra.robot">
<kw name="Add Image Path" library="SikuliLibrary" type="SETUP">
<arg>${EXECDIR}//resources//images</arg>
<doc>Add image path</doc>
<status status="PASS" starttime="20220614 14:58:24.034" endtime="20220614 14:58:24.046"/>
</kw>
<test id="s1-t1" name="Compra" line="10">
<kw name="Dado que acesso o site da Petz">
<kw name="Click" library="SikuliLibrary">
<arg>icone_chrome.png</arg>
<doc>Click</doc>
<msg timestamp="20220614 14:58:25.163" level="INFO" html="true">&lt;img src='sikuli_captured/sikuliximage-1655229504421.png'/&gt;
[log] CLICK on L[645,1056]@S(0) (536 msec)</msg>
<status status="PASS" starttime="20220614 14:58:24.047" endtime="20220614 14:58:25.163"/>
</kw>
<kw name="Click" library="SikuliLibrary">
<arg>modo_visitante.png</arg>
<doc>Click</doc>
<msg timestamp="20220614 14:58:27.375" level="INFO" html="true">&lt;img src='sikuli_captured/sikuliximage-1655229506576.png'/&gt;
[log] CLICK on L[471,928]@S(0) (562 msec)</msg>
<status status="PASS" starttime="20220614 14:58:25.163" endtime="20220614 14:58:27.375"/>
</kw>
<kw name="Input Text" library="SikuliLibrary">
<arg>barra_endereco.png</arg>
<arg>https://www.petz.com.br</arg>
<doc>Input text.
 Image could be empty</doc>
<msg timestamp="20220614 14:58:30.459" level="INFO">Input Text:
https://www.petz.com.br</msg>
<msg timestamp="20220614 14:58:30.459" level="INFO" html="true">&lt;img src='sikuli_captured/sikuliximage-1655229507958.png'/&gt;
[log] CLICK on L[216,87]@S(0) (540 msec)
[log]  TYPE "https://www.petz.com.br"</msg>
<status status="PASS" starttime="20220614 14:58:27.375" endtime="20220614 14:58:30.459"/>
</kw>
<kw name="Press Special Key" library="SikuliLibrary">
<arg>ENTER</arg>
<doc>Press special key
 Presses a special keyboard key.</doc>
<msg timestamp="20220614 14:58:30.541" level="INFO">[log]  TYPE "#ENTER."</msg>
<status status="PASS" starttime="20220614 14:58:30.460" endtime="20220614 14:58:30.541"/>
</kw>
<status status="PASS" starttime="20220614 14:58:24.047" endtime="20220614 14:58:30.543"/>
</kw>
<kw name="Quando pesquiso o produto &quot;comedouro retratil&quot;" sourcename="Quando pesquiso o produto &quot;${produto}&quot;">
<kw name="Set Test Variable" library="BuiltIn">
<arg>${produto}</arg>
<doc>Makes a variable available everywhere within the scope of the current test.</doc>
<msg timestamp="20220614 14:58:30.543" level="INFO">${produto} = comedouro retratil</msg>
<status status="PASS" starttime="20220614 14:58:30.543" endtime="20220614 14:58:30.543"/>
</kw>
<kw name="Input Text" library="SikuliLibrary">
<arg>barra_pesquisa.png</arg>
<arg>${produto}</arg>
<doc>Input text.
 Image could be empty</doc>
<msg timestamp="20220614 14:58:34.187" level="INFO">Input Text:
comedouro retratil</msg>
<msg timestamp="20220614 14:58:34.187" level="INFO" html="true">&lt;img src='sikuli_captured/sikuliximage-1655229512163.png'/&gt;
[log] CLICK on L[287,184]@S(0) (554 msec)
[log]  TYPE "comedouro retratil"</msg>
<status status="PASS" starttime="20220614 14:58:30.544" endtime="20220614 14:58:34.187"/>
</kw>
<kw name="Click" library="SikuliLibrary">
<arg>lupa.png</arg>
<doc>Click</doc>
<msg timestamp="20220614 14:58:35.183" level="INFO" html="true">&lt;img src='sikuli_captured/sikuliximage-1655229514448.png'/&gt;
[log] CLICK on L[872,183]@S(0) (536 msec)</msg>
<status status="PASS" starttime="20220614 14:58:34.187" endtime="20220614 14:58:35.183"/>
</kw>
<status status="PASS" starttime="20220614 14:58:30.543" endtime="20220614 14:58:35.183"/>
</kw>
<kw name="Entao visualizo o resultado da pesquisa">
<kw name="Wait Until Screen Contain" library="SikuliLibrary">
<arg>resultado_para.png</arg>
<arg>20000</arg>
<doc>Wait until screen contain
 Wait until image shown in screen</doc>
<msg timestamp="20220614 14:58:37.140" level="INFO" html="true">&lt;img src='sikuli_captured/sikuliximage-1655229517125.png'/&gt;</msg>
<status status="PASS" starttime="20220614 14:58:35.185" endtime="20220614 14:58:37.140"/>
</kw>
<kw name="Screen Should Contain" library="SikuliLibrary">
<arg>resultado_para.png</arg>
<doc>Screen should contain</doc>
<msg timestamp="20220614 14:58:37.435" level="INFO" html="true">&lt;img src='sikuli_captured/sikuliximage-1655229517424.png'/&gt;</msg>
<status status="PASS" starttime="20220614 14:58:37.140" endtime="20220614 14:58:37.435"/>
</kw>
<status status="PASS" starttime="20220614 14:58:35.185" endtime="20220614 14:58:37.435"/>
</kw>
<kw name="Quando seleciono o produto">
<kw name="Click" library="SikuliLibrary">
<arg>pote.png</arg>
<doc>Click</doc>
<msg timestamp="20220614 14:58:38.585" level="INFO" html="true">&lt;img src='sikuli_captured/sikuliximage-1655229517781.png'/&gt;
[log] CLICK on L[445,528]@S(0) (532 msec)</msg>
<status status="PASS" starttime="20220614 14:58:37.436" endtime="20220614 14:58:38.586"/>
</kw>
<status status="PASS" starttime="20220614 14:58:37.436" endtime="20220614 14:58:38.586"/>
</kw>
<kw name="Entao visualizo o nome, preco">
<kw name="Wait Until Screen Contain" library="SikuliLibrary">
<arg>comedouro_bowl.png</arg>
<arg>20000</arg>
<doc>Wait until screen contain
 Wait until image shown in screen</doc>
<msg timestamp="20220614 14:58:39.941" level="INFO" html="true">&lt;img src='sikuli_captured/sikuliximage-1655229519932.png'/&gt;</msg>
<status status="PASS" starttime="20220614 14:58:38.586" endtime="20220614 14:58:39.942"/>
</kw>
<kw name="Wait Until Screen Contain" library="SikuliLibrary">
<arg>preco.png</arg>
<arg>20000</arg>
<doc>Wait until screen contain
 Wait until image shown in screen</doc>
<msg timestamp="20220614 14:58:40.203" level="INFO" html="true">&lt;img src='sikuli_captured/sikuliximage-1655229520196.png'/&gt;</msg>
<status status="PASS" starttime="20220614 14:58:39.942" endtime="20220614 14:58:40.203"/>
</kw>
<kw name="Click" library="SikuliLibrary">
<arg>lgpd.png</arg>
<doc>Click</doc>
<msg timestamp="20220614 14:58:41.380" level="INFO" html="true">&lt;img src='sikuli_captured/sikuliximage-1655229520506.png'/&gt;
[log] CLICK on L[1164,947]@S(0) (551 msec)</msg>
<status status="PASS" starttime="20220614 14:58:40.203" endtime="20220614 14:58:41.380"/>
</kw>
<status status="PASS" starttime="20220614 14:58:38.586" endtime="20220614 14:58:41.380"/>
</kw>
<kw name="E adiciono duas unidades ao carrinho">
<kw name="Click" library="SikuliLibrary">
<arg>btn_mais.png</arg>
<doc>Click</doc>
<msg timestamp="20220614 14:58:42.344" level="INFO" html="true">&lt;img src='sikuli_captured/sikuliximage-1655229521633.png'/&gt;
[log] CLICK on L[769,822]@S(0) (534 msec)</msg>
<status status="PASS" starttime="20220614 14:58:41.381" endtime="20220614 14:58:42.344"/>
</kw>
<kw name="Screen Should Contain" library="SikuliLibrary">
<arg>btn_mais_2.png</arg>
<doc>Screen should contain</doc>
<msg timestamp="20220614 14:58:42.580" level="INFO" html="true">&lt;img src='sikuli_captured/sikuliximage-1655229522576.png'/&gt;</msg>
<status status="PASS" starttime="20220614 14:58:42.344" endtime="20220614 14:58:42.580"/>
</kw>
<kw name="Click" library="SikuliLibrary">
<arg>adicionar_carrinho.png</arg>
<doc>Click</doc>
<msg timestamp="20220614 14:58:43.595" level="INFO" html="true">&lt;img src='sikuli_captured/sikuliximage-1655229522841.png'/&gt;
[log] CLICK on L[980,820]@S(0) (532 msec)</msg>
<status status="PASS" starttime="20220614 14:58:42.581" endtime="20220614 14:58:43.595"/>
</kw>
<status status="PASS" starttime="20220614 14:58:41.381" endtime="20220614 14:58:43.595"/>
</kw>
<kw name="Entao visualizo o produto e o total no carrinho">
<kw name="Wait Until Screen Contain" library="SikuliLibrary">
<arg>pote_carrinho.png</arg>
<arg>20000</arg>
<doc>Wait until screen contain
 Wait until image shown in screen</doc>
<msg timestamp="20220614 14:58:46.288" level="INFO" html="true">&lt;img src='sikuli_captured/sikuliximage-1655229526275.png'/&gt;</msg>
<status status="PASS" starttime="20220614 14:58:43.596" endtime="20220614 14:58:46.288"/>
</kw>
<kw name="Screen Should Contain" library="SikuliLibrary">
<arg>pote_carrinho.png</arg>
<doc>Screen should contain</doc>
<msg timestamp="20220614 14:58:46.550" level="INFO" html="true">&lt;img src='sikuli_captured/sikuliximage-1655229526543.png'/&gt;</msg>
<status status="PASS" starttime="20220614 14:58:46.288" endtime="20220614 14:58:46.551"/>
</kw>
<kw name="Screen Should Contain" library="SikuliLibrary">
<arg>preco_carrinho.png</arg>
<doc>Screen should contain</doc>
<msg timestamp="20220614 14:58:46.793" level="INFO" html="true">&lt;img src='sikuli_captured/sikuliximage-1655229526785.png'/&gt;</msg>
<status status="PASS" starttime="20220614 14:58:46.551" endtime="20220614 14:58:46.793"/>
</kw>
<kw name="Screen Should Contain" library="SikuliLibrary">
<arg>qtd_carrinho.png</arg>
<doc>Screen should contain</doc>
<msg timestamp="20220614 14:58:47.050" level="INFO" html="true">&lt;img src='sikuli_captured/sikuliximage-1655229527041.png'/&gt;</msg>
<status status="PASS" starttime="20220614 14:58:46.793" endtime="20220614 14:58:47.050"/>
</kw>
<kw name="Screen Should Contain" library="SikuliLibrary">
<arg>preco_total.png</arg>
<doc>Screen should contain</doc>
<msg timestamp="20220614 14:58:47.303" level="INFO" html="true">&lt;img src='sikuli_captured/sikuliximage-1655229527291.png'/&gt;</msg>
<status status="PASS" starttime="20220614 14:58:47.050" endtime="20220614 14:58:47.303"/>
</kw>
<status status="PASS" starttime="20220614 14:58:43.596" endtime="20220614 14:58:47.304"/>
</kw>
<tag>SMOKE</tag>
<status status="PASS" starttime="20220614 14:58:24.046" endtime="20220614 14:58:47.304"/>
</test>
<kw name="Esquecer Encerrar" type="TEARDOWN">
<kw name="Click" library="SikuliLibrary">
<arg>excluir_carrinho.png</arg>
<doc>Click</doc>
<msg timestamp="20220614 14:58:48.268" level="INFO" html="true">&lt;img src='sikuli_captured/sikuliximage-1655229527538.png'/&gt;
[log] CLICK on L[769,486]@S(0) (547 msec)</msg>
<status status="PASS" starttime="20220614 14:58:47.305" endtime="20220614 14:58:48.268"/>
</kw>
<kw name="Click" library="SikuliLibrary">
<arg>confirma_exclusao.png</arg>
<doc>Click</doc>
<msg timestamp="20220614 14:58:49.282" level="INFO" html="true">&lt;img src='sikuli_captured/sikuliximage-1655229528524.png'/&gt;
[log] CLICK on L[804,623]@S(0) (538 msec)</msg>
<status status="PASS" starttime="20220614 14:58:48.268" endtime="20220614 14:58:49.282"/>
</kw>
<kw name="Wait Until Screen Contain" library="SikuliLibrary">
<arg>carrinho_vazio.png</arg>
<arg>20000</arg>
<doc>Wait until screen contain
 Wait until image shown in screen</doc>
<msg timestamp="20220614 14:58:49.867" level="INFO" html="true">&lt;img src='sikuli_captured/sikuliximage-1655229529858.png'/&gt;</msg>
<status status="PASS" starttime="20220614 14:58:49.282" endtime="20220614 14:58:49.867"/>
</kw>
<kw name="Click" library="SikuliLibrary">
<arg>fechar_X.png</arg>
<doc>Click</doc>
<msg timestamp="20220614 14:58:50.932" level="INFO" html="true">&lt;img src='sikuli_captured/sikuliximage-1655229530141.png'/&gt;
[log] CLICK on L[1284,43]@S(0) (553 msec)</msg>
<status status="PASS" starttime="20220614 14:58:49.867" endtime="20220614 14:58:50.933"/>
</kw>
<kw name="Stop Remote Server" library="SikuliLibrary">
<doc>Stops the remote server.</doc>
<msg timestamp="20220614 14:58:50.937" level="INFO">Robot Framework remote server stopping</msg>
<status status="PASS" starttime="20220614 14:58:50.933" endtime="20220614 14:58:50.937"/>
</kw>
<status status="PASS" starttime="20220614 14:58:47.305" endtime="20220614 14:58:50.937"/>
</kw>
<doc>Fluxo de compra no site da Petz</doc>
<status status="PASS" starttime="20220614 14:58:21.817" endtime="20220614 14:58:50.937"/>
</suite>
<statistics>
<total>
<stat pass="1" fail="0" skip="0">All Tests</stat>
</total>
<tag>
<stat pass="1" fail="0" skip="0">SMOKE</stat>
</tag>
<suite>
<stat pass="1" fail="0" skip="0" id="s1" name="Compra">Compra</stat>
</suite>
</statistics>
<errors>
</errors>
</robot>
